<?xml version="1.0" encoding="UTF-8"?>
<!-- Generated by org.testng.reporters.JUnitReportReporter -->
<testsuite hostname="LTIN300109" failures="0" tests="1" name="testcases.TS001_CareerLattice" time="14.966" errors="0" timestamp="2024-08-20T11:05:07 IST" skipped="0">
  <testcase classname="testcases.TS001_CareerLattice" name="TC001_careerlatticepageactions" time="14.966"/>
</testsuite> <!-- testcases.TS001_CareerLattice -->
