<?xml version="1.0" encoding="UTF-8"?>
<!-- Generated by org.testng.reporters.JUnitReportReporter -->
<testsuite hostname="LTIN300109" failures="0" tests="1" name="testcases.TC001_CareerLattice" time="30.366" errors="0" timestamp="2024-08-05T21:00:33 IST" skipped="0">
  <testcase classname="testcases.TC001_CareerLattice" name="careerlatticepageactions" time="30.366"/>
</testsuite> <!-- testcases.TC001_CareerLattice -->
