<?xml version="1.0" encoding="UTF-8"?>
<!-- Generated by org.testng.reporters.JUnitReportReporter -->
<testsuite hostname="LTIN300109" failures="0" tests="1" name="testcases.TC002_Uploadresume" time="22.278" errors="0" timestamp="2024-08-05T21:00:33 IST" skipped="0">
  <testcase classname="testcases.TC002_Uploadresume" name="uploadresumepageactions" time="22.278"/>
</testsuite> <!-- testcases.TC002_Uploadresume -->
