<?xml version="1.0" encoding="UTF-8"?>
<!-- Generated by org.testng.reporters.JUnitReportReporter -->
<testsuite hostname="LTIN300109" failures="0" tests="2" name="testcases.TS004_SkillUp" time="11.795" errors="0" timestamp="2024-08-20T11:05:07 IST" skipped="0">
  <testcase classname="testcases.TS004_SkillUp" name="TC006_Employeeacquireskills" time="3.677"/>
  <testcase classname="testcases.TS004_SkillUp" name="TC007_Developmentplanactions" time="8.118"/>
</testsuite> <!-- testcases.TS004_SkillUp -->
