<?xml version="1.0" encoding="UTF-8"?>
<!-- Generated by org.testng.reporters.JUnitReportReporter -->
<testsuite hostname="LTIN300109" failures="0" tests="1" name="testcases.TS002_Uploadresume" time="31.193" errors="0" timestamp="2024-08-20T11:05:07 IST" skipped="0">
  <testcase classname="testcases.TS002_Uploadresume" name="TC002_003_uploadresumepageactions" time="31.193"/>
</testsuite> <!-- testcases.TS002_Uploadresume -->
