<?xml version="1.0" encoding="UTF-8"?>
<!-- Generated by org.testng.reporters.JUnitReportReporter -->
<testsuite hostname="LTIN300109" failures="0" tests="2" name="testcases.TS003_Skillprofile" time="11.910" errors="0" timestamp="2024-08-20T11:05:07 IST" skipped="0">
  <testcase classname="testcases.TS003_Skillprofile" name="TC004_Skillprofilepageactions" time="4.530"/>
  <testcase classname="testcases.TS003_Skillprofile" name="TC005_filterskillactions" time="7.380"/>
</testsuite> <!-- testcases.TS003_Skillprofile -->
